make all --print-data-base --no-builtin-variables --no-builtin-rules --question
# GNU Make 4.3
# Built for x86_64-pc-linux-gnu
# Copyright (C) 1988-2020 Free Software Foundation, Inc.
# License GPLv3+: GNU GPL version 3 or later <http://gnu.org/licenses/gpl.html>
# This is free software: you are free to change and redistribute it.
# There is NO WARRANTY, to the extent permitted by law.

# Make data base, printed on Tue May 30 17:10:46 2023

# Variables

# environment
GDK_BACKEND = x11
# environment
LC_ALL = C
# environment
NO_AT_BRIDGE = 1
# environment
GNOME_SHELL_SESSION_MODE = ubuntu
# environment
SSH_AGENT_LAUNCHER = gnome-keyring
# environment
GJS_DEBUG_OUTPUT = stderr
# environment
SNAP_LAUNCHER_ARCH_TRIPLET = x86_64-linux-gnu
# environment
VSCODE_CRASH_REPORTER_PROCESS_TYPE = extensionHost
# environment
VSCODE_CWD = /home/user
# default
MAKE_COMMAND := make
# environment
QT_ACCESSIBILITY = 1
# automatic
@D = $(patsubst %/,%,$(dir $@))
# environment
SNAP_INSTANCE_NAME = code
# environment
GDK_PIXBUF_MODULEDIR = /snap/code/129/usr/lib/x86_64-linux-gnu/gdk-pixbuf-2.0/2.10.0/loaders
# environment
VSCODE_HANDLES_UNCAUGHT_ERRORS = true
# default
.VARIABLES := 
# environment
PWD = /home/user/Documents/OperatingSystemsAssignment5
# automatic
%D = $(patsubst %/,%,$(dir $%))
# environment
LSCOLORS = Gxfxcxdxbxegedabagacad
# environment
XDG_DATA_DIRS = /home/user/snap/code/129/.local/share:/home/user/snap/code/129:/snap/code/129/usr/share:/usr/local/share/:/usr/share/:/var/lib/snapd/desktop
# environment
OLDPWD = /home/user
# automatic
^D = $(patsubst %/,%,$(dir $^))
# automatic
%F = $(notdir $%)
# environment
VSCODE_CODE_CACHE_PATH = /home/user/.config/Code/CachedData/b3e4e68a0bc097f0ae7907b217c1119af9e03435
# environment
LANG = C
# environment
XAUTHORITY = /run/user/1000/.mutter-Xwaylandauth.X0GY51
# default
.LOADED := 
# default
.INCLUDE_DIRS = /usr/local/include /usr/include /usr/include
# makefile
MAKEFLAGS = pqrR
# environment
DBUS_STARTER_ADDRESS = unix:path=/run/user/1000/bus,guid=46c7408d374063e1e4c1af2064760153
# makefile
CURDIR := /home/user/Documents/OperatingSystemsAssignment5
# environment
APPLICATION_INSIGHTS_NO_DIAGNOSTIC_CHANNEL = 1
# environment
VSCODE_L10N_BUNDLE_LOCATION = 
# automatic
*D = $(patsubst %/,%,$(dir $*))
# environment
MFLAGS = -pqrR
# environment
SSH_AUTH_SOCK = /run/user/1000/keyring/ssh
# default
.SHELLFLAGS := -c
# environment
WAYLAND_DISPLAY = wayland-0
# automatic
+D = $(patsubst %/,%,$(dir $+))
# environment
XDG_SESSION_DESKTOP = ubuntu
# makefile (from 'Makefile', line 1)
MAKEFILE_LIST := Makefile
# automatic
@F = $(notdir $@)
# environment
ZSH = /home/user/.oh-my-zsh
# environment
VSCODE_PID = 5044
# environment
XDG_SESSION_TYPE = wayland
# automatic
?D = $(patsubst %/,%,$(dir $?))
# environment
BAMF_DESKTOP_FILE_HINT = /var/lib/snapd/desktop/applications/code_code.desktop
# environment
SESSION_MANAGER = local/orel-ubuntu:@/tmp/.ICE-unix/1601,unix/orel-ubuntu:/tmp/.ICE-unix/1601
# automatic
*F = $(notdir $*)
# environment
CHROME_DESKTOP = code-url-handler.desktop
# environment
DBUS_SESSION_BUS_ADDRESS = unix:path=/run/user/1000/bus
# automatic
<D = $(patsubst %/,%,$(dir $<))
# environment
VSCODE_NLS_CONFIG = {"locale":"en-gb","osLocale":"en-il","availableLanguages":{},"_languagePackSupport":true}
# default
MAKE_HOST := x86_64-pc-linux-gnu
# environment
GTK_PATH = /snap/code/129/usr/lib/x86_64-linux-gnu/gtk-3.0
# environment
GNOME_DESKTOP_SESSION_ID = this-is-deprecated
# makefile
SHELL = /bin/sh
# default
MAKECMDGOALS := all
# environment
XMODIFIERS = @im=ibus
# environment
GJS_DEBUG_TOPICS = JS ERROR;JS LOG
# environment
SHLVL = 0
# environment
MAKELEVEL := 0
# default
MAKE = $(MAKE_COMMAND)
# environment
SNAP_COOKIE = W5xynm6t-Int3RaXf6LwOA4WOK8ydcwWBEc83CopKSsbiR4wobQw
# environment
PATH = /usr/local/sbin:/usr/local/bin:/usr/sbin:/usr/bin:/sbin:/bin:/usr/games:/usr/local/games:/snap/bin:/snap/bin
# default
MAKEFILES := 
# environment
LANGUAGE = en_IL:en
# automatic
^F = $(notdir $^)
# environment
SNAP_USER_COMMON = /home/user/snap/code/common
# environment
SNAP = /snap/code/129
# environment
INVOCATION_ID = a9bec9a5dbfc455aa2076582510a3c73
# environment
SNAP_REVISION = 129
# environment
SNAP_REAL_HOME = /home/user
# environment
USERNAME = user
# environment
GNOME_SETUP_DISPLAY = :1
# automatic
?F = $(notdir $?)
# environment
GTK_IM_MODULE_FILE = /home/user/snap/code/common/.cache/immodules/immodules.cache
# environment
XDG_CURRENT_DESKTOP = Unity
# automatic
+F = $(notdir $+)
# environment
LESS = -R
# environment
DESKTOP_SESSION = ubuntu
# environment
ORIGINAL_XDG_CURRENT_DESKTOP = ubuntu:GNOME
# environment
LOCPATH = /snap/code/129/usr/lib/locale
# 'override' directive
GNUMAKEFLAGS := 
# environment
LOGNAME = user
# environment
GIO_LAUNCHED_DESKTOP_FILE = /var/lib/snapd/desktop/applications/code_code.desktop
# environment
SNAP_ARCH = amd64
# makefile
.DEFAULT_GOAL := all
# environment
SYSTEMD_EXEC_PID = 1640
# environment
DISPLAY = :0
# environment
USER = user
# environment
GTK_MODULES = gail:atk-bridge
# default
MAKE_VERSION := 4.3
# environment
SNAP_DATA = /var/snap/code/129
# environment
SNAP_CONTEXT = W5xynm6t-Int3RaXf6LwOA4WOK8ydcwWBEc83CopKSsbiR4wobQw
# environment
MANAGERPID = 1394
# environment
DBUS_STARTER_BUS_TYPE = session
# environment
GIO_LAUNCHED_DESKTOP_FILE_PID = 5449
# environment
PAGER = less
# environment
_ = /snap/code/129/usr/share/code/code
# environment
XDG_RUNTIME_DIR = /run/user/1000
# makefile (from 'Makefile', line 2)
CFLAGS = -pthread
# environment
GDK_PIXBUF_MODULE_FILE = /home/user/snap/code/common/.cache/gdk-pixbuf-loaders.cache
# environment
GIO_MODULE_DIR = /home/user/snap/code/common/.cache/gio-modules
# environment
JOURNAL_STREAM = 8:22465
# environment
XDG_SESSION_CLASS = user
# environment
VSCODE_AMD_ENTRYPOINT = vs/workbench/api/node/extensionHostProcess
# environment
HOME = /home/user
# environment
QT_IM_MODULE = ibus
# environment
ELECTRON_RUN_AS_NODE = 1
# environment
VSCODE_IPC_HOOK = /run/user/1000/vscode-16068fa4-1.78-main.sock
# environment
GTK_EXE_PREFIX = /snap/code/129/usr
# environment
SNAP_NAME = code
# environment
GSETTINGS_SCHEMA_DIR = /home/user/snap/code/129/.local/share/glib-2.0/schemas
# default
.RECIPEPREFIX := 
# automatic
<F = $(notdir $<)
# environment
SNAP_VERSION = b3e4e68a
# environment
VSCODE_CRASH_REPORTER_SANDBOXED_HINT = 1
# default
SUFFIXES := 
# environment
VSCODE_CLI = 1
# environment
ELECTRON_NO_ATTACH_CONSOLE = 1
# environment
SNAP_COMMON = /var/snap/code/common
# default
.FEATURES := target-specific order-only second-expansion else-if shortest-stem undefine oneshell nocomment grouped-target extra-prereqs archives jobserver output-sync check-symlink load
# makefile (from 'Makefile', line 1)
CC = gcc
# environment
SNAP_USER_DATA = /home/user/snap/code/129
# environment
XDG_MENU_PREFIX = gnome-
# environment
GDMSESSION = ubuntu
# environment
SNAP_LIBRARY_PATH = /var/lib/snapd/lib/gl:/var/lib/snapd/lib/gl32:/var/lib/snapd/void
# variable set hash-table stats:
# Load=128/1024=12%, Rehash=0, Collisions=6/158=4%

# Pattern-specific Variable Values

# No pattern-specific variable values.

# Directories

# . (device 2051, inode 2105169): 26 files, no impossibilities.

# 26 files, no impossibilities in 1 directories.

 
# Implicit Rules

# No implicit rules.

# Files

st_pipeline: Math.o Queue.o ActiveObject.o st_pipeline.o
#  Implicit rule search has not been done.
#  Last modified 2023-05-30 14:49:01.662717484
#  File has been updated.
#  Successfully updated.
#  recipe to execute (from 'Makefile', line 7):
	$(CC) $(CFLAGS) -o st_pipeline Math.o Queue.o ActiveObject.o st_pipeline.o -lm 

# Not a target:
ActiveObject.c:
#  Implicit rule search has been done.
#  Last modified 2023-05-29 09:34:17.386828
#  File has been updated.
#  Successfully updated.

# Not a target:
Makefile:
#  Implicit rule search has been done.
#  Last modified 2023-05-30 10:25:27.242339
#  File has been updated.
#  Successfully updated.

clean:
#  Implicit rule search has not been done.
#  Modification time never checked.
#  File has not been updated.
#  recipe to execute (from 'Makefile', line 22):
	rm *.o st_pipeline

# Not a target:
Math.h:
#  Implicit rule search has been done.
#  Last modified 2023-05-30 10:09:06.905828
#  File has been updated.
#  Successfully updated.

# Not a target:
.DEFAULT:
#  Implicit rule search has not been done.
#  Modification time never checked.
#  File has not been updated.

all: st_pipeline
#  Command line target.
#  Implicit rule search has been done.
#  File does not exist.
#  File has been updated.
#  Successfully updated.

# Not a target:
st_pipeline.c:
#  Implicit rule search has been done.
#  Last modified 2023-05-30 14:48:58.208083598
#  File has been updated.
#  Successfully updated.

# Not a target:
Queue.c:
#  Implicit rule search has been done.
#  Last modified 2023-05-29 09:34:37.415066
#  File has been updated.
#  Successfully updated.

# Not a target:
ActiveObject.h:
#  Implicit rule search has been done.
#  Last modified 2023-05-29 08:51:50.806974
#  File has been updated.
#  Successfully updated.

Math.o: Math.c Math.h
#  Implicit rule search has not been done.
#  Last modified 2023-05-30 14:49:01.125888123
#  File has been updated.
#  Successfully updated.
#  recipe to execute (from 'Makefile', line 10):
	$(CC) $(CFLAGS) -c Math.c

st_pipeline.o: st_pipeline.c ActiveObject.h Queue.h Math.h
#  Implicit rule search has not been done.
#  Last modified 2023-05-30 14:49:01.458401831
#  File has been updated.
#  Successfully updated.
#  recipe to execute (from 'Makefile', line 19):
	$(CC) $(CFLAGS) -c st_pipeline.c

ActiveObject.o: ActiveObject.c ActiveObject.h Queue.h
#  Implicit rule search has not been done.
#  Last modified 2023-05-30 14:49:01.334209964
#  File has been updated.
#  Successfully updated.
#  recipe to execute (from 'Makefile', line 16):
	$(CC) $(CFLAGS) -c ActiveObject.c

# Not a target:
Math.c:
#  Implicit rule search has been done.
#  Last modified 2023-05-29 09:31:42.656632
#  File has been updated.
#  Successfully updated.

Queue.o: Queue.c Queue.h
#  Implicit rule search has not been done.
#  Last modified 2023-05-30 14:49:01.230049044
#  File has been updated.
#  Successfully updated.
#  recipe to execute (from 'Makefile', line 13):
	$(CC) $(CFLAGS) -c Queue.c

# Not a target:
Queue.h:
#  Implicit rule search has been done.
#  Last modified 2023-05-29 08:51:19.805376
#  File has been updated.
#  Successfully updated.

# files hash-table stats:
# Load=17/1024=2%, Rehash=0, Collisions=0/49=0%
# VPATH Search Paths

# No 'vpath' search paths.

# No general ('VPATH' variable) search path.

# strcache buffers: 1 (0) / strings = 32 / storage = 320 B / avg = 10 B
# current buf: size = 8162 B / used = 320 B / count = 32 / avg = 10 B

# strcache performance: lookups = 65 / hit rate = 50%
# hash-table stats:
# Load=32/8192=0%, Rehash=0, Collisions=0/65=0%
# Finished Make data base on Tue May 30 17:10:47 2023

 
